生成启动时间为 2020/7/21 14:00:03。
     1>项目“F:\GameDoc\IOCP\WindowLoginServer_BasedOnIOCP\login-server-for-windows-master\LoginServer\LoginVerify\LoginVerify.vcxproj”在节点 2 上(Rebuild 个目标)。
     1>ClCompile:
         D:\Microsoft Visual Studio 12.0\VC\bin\CL.exe /c /ZI /nologo /W3 /WX- /Od /Oy- /D _UNICODE /D UNICODE /Gm /EHsc /RTC1 /MDd /GS /fp:precise /Zc:wchar_t /Zc:forScope /Fo"Debug\\" /Fd"Debug\vc120.pdb" /Gd /TP /analyze- /errorReport:prompt CLoginVerify.cpp logger.cpp md5.cpp
         md5.cpp
     1>f:\gamedoc\iocp\windowloginserver_basedoniocp\login-server-for-windows-master\loginserver\loginverify\md5.cpp(349): warning C4244: “初始化”: 从“long double”转换到“unsigned int”，可能丢失数据
     1>f:\gamedoc\iocp\windowloginserver_basedoniocp\login-server-for-windows-master\loginserver\loginverify\md5.cpp(370): warning C4244: “初始化”: 从“long double”转换到“unsigned int”，可能丢失数据
     1>f:\gamedoc\iocp\windowloginserver_basedoniocp\login-server-for-windows-master\loginserver\loginverify\md5.cpp(392): warning C4244: “初始化”: 从“long double”转换到“unsigned int”，可能丢失数据
     1>f:\gamedoc\iocp\windowloginserver_basedoniocp\login-server-for-windows-master\loginserver\loginverify\md5.cpp(414): warning C4244: “初始化”: 从“long double”转换到“unsigned int”，可能丢失数据
         logger.cpp
     1>f:\gamedoc\iocp\windowloginserver_basedoniocp\login-server-for-windows-master\loginserver\loginverify\logger.cpp(132): warning C4996: 'localtime': This function or variable may be unsafe. Consider using localtime_s instead. To disable deprecation, use _CRT_SECURE_NO_WARNINGS. See online help for details.
                 d:\microsoft visual studio 12.0\vc\include\time.inl(112) : 参见“localtime”的声明
         CLoginVerify.cpp
     1>f:\gamedoc\iocp\windowloginserver_basedoniocp\login-server-for-windows-master\loginserver\include\rapidjson\document.h(958): warning C4003: “max”宏的实参不足
     1>f:\gamedoc\iocp\windowloginserver_basedoniocp\login-server-for-windows-master\loginserver\include\rapidjson\document.h(964): warning C4003: “min”宏的实参不足
     1>f:\gamedoc\iocp\windowloginserver_basedoniocp\login-server-for-windows-master\loginserver\include\rapidjson\document.h(965): warning C4003: “max”宏的实参不足
     1>f:\gamedoc\iocp\windowloginserver_basedoniocp\login-server-for-windows-master\loginserver\include\rapidjson\document.h(982): warning C4003: “max”宏的实参不足
     1>f:\gamedoc\iocp\windowloginserver_basedoniocp\login-server-for-windows-master\loginserver\include\rapidjson\document.h(983): warning C4003: “max”宏的实参不足
     1>f:\gamedoc\iocp\windowloginserver_basedoniocp\login-server-for-windows-master\loginserver\loginverify\cloginverify.cpp(21): warning C4996: 'localtime': This function or variable may be unsafe. Consider using localtime_s instead. To disable deprecation, use _CRT_SECURE_NO_WARNINGS. See online help for details.
                 d:\microsoft visual studio 12.0\vc\include\time.inl(112) : 参见“localtime”的声明
     1>f:\gamedoc\iocp\windowloginserver_basedoniocp\login-server-for-windows-master\loginserver\loginverify\cloginverify.cpp(74): warning C4996: 'inet_addr': Use inet_pton() or InetPton() instead or define _WINSOCK_DEPRECATED_NO_WARNINGS to disable deprecated API warnings
                 c:\program files (x86)\windows kits\8.1\include\um\winsock2.h(1850) : 参见“inet_addr”的声明
         正在生成代码...
       Lib:
         D:\Microsoft Visual Studio 12.0\VC\bin\Lib.exe /OUT:"F:\GameDoc\IOCP\WindowLoginServer_BasedOnIOCP\login-server-for-windows-master\LoginServer\Debug\LoginVerify_d.lib" /NOLOGO Debug\CLoginVerify.obj
         Debug\logger.obj
         Debug\md5.obj
         LoginVerify.vcxproj -> F:\GameDoc\IOCP\WindowLoginServer_BasedOnIOCP\login-server-for-windows-master\LoginServer\Debug\LoginVerify_d.lib
     1>已完成生成项目“F:\GameDoc\IOCP\WindowLoginServer_BasedOnIOCP\login-server-for-windows-master\LoginServer\LoginVerify\LoginVerify.vcxproj”(Rebuild 个目标)的操作。

生成成功。

已用时间 00:00:01.49
