f:\gamedoc\iocpserver2\piggyiocpserver_2008\piggyiocpserver\debug\piggyiocpserver.pch
f:\gamedoc\iocpserver2\piggyiocpserver_2008\piggyiocpserver\debug\vc120.pdb
f:\gamedoc\iocpserver2\piggyiocpserver_2008\piggyiocpserver\debug\vc120.idb
f:\gamedoc\iocpserver2\piggyiocpserver_2008\piggyiocpserver\debug\stdafx.obj
f:\gamedoc\iocpserver2\piggyiocpserver_2008\piggyiocpserver\debug\iocpmodel.obj
f:\gamedoc\iocpserver2\piggyiocpserver_2008\piggyiocpserver\debug\maindlg.obj
f:\gamedoc\iocpserver2\piggyiocpserver_2008\piggyiocpserver\debug\piggyiocpserver.obj
f:\gamedoc\iocpserver2\piggyiocpserver_2008\debug\piggyiocpserver.ilk
f:\gamedoc\iocpserver2\piggyiocpserver_2008\debug\piggyiocpserver.exe
f:\gamedoc\iocpserver2\piggyiocpserver_2008\debug\piggyiocpserver.pdb
f:\gamedoc\iocpserver2\piggyiocpserver_2008\piggyiocpserver\debug\piggyiocpserver.res
f:\gamedoc\iocp\iocpserver_piggyxp\piggyiocpserver_2008\piggyiocpserver\debug\iocpmodel.obj
f:\gamedoc\iocp\iocpserver_piggyxp\piggyiocpserver_2008\piggyiocpserver\debug\maindlg.obj
f:\gamedoc\iocp\iocpserver_piggyxp\piggyiocpserver_2008\piggyiocpserver\debug\piggyiocpserver.obj
f:\gamedoc\iocp\iocpserver_piggyxp\piggyiocpserver_2008\piggyiocpserver\debug\stdafx.obj
f:\gamedoc\iocp\iocpserver_piggyxp\piggyiocpserver_2008\piggyiocpserver\debug\piggyiocpserver.res
f:\gamedoc\iocp\iocpserver_piggyxp\piggyiocpserver_2008\piggyiocpserver\debug\piggyiocpserver.pch
f:\gamedoc\iocp\iocpserver_piggyxp\piggyiocpserver_2008\piggyiocpserver\debug\vc120.idb
f:\gamedoc\iocp\iocpserver_piggyxp\piggyiocpserver_2008\piggyiocpserver\debug\vc120.pdb
f:\gamedoc\iocp\iocpserver_piggyxp\piggyiocpserver_2008\debug\piggyiocpserver.pdb
f:\gamedoc\iocp\iocpserver_piggyxp\piggyiocpserver_2008\debug\piggyiocpserver.exe
f:\gamedoc\iocp\iocpserver_piggyxp\piggyiocpserver_2008\debug\piggyiocpserver.ilk
f:\gamedoc\iocp\iocpserver_piggyxp\piggyiocpserver_2008\piggyiocpserver\debug\piggyiocpserver.tlog\cl.command.1.tlog
f:\gamedoc\iocp\iocpserver_piggyxp\piggyiocpserver_2008\piggyiocpserver\debug\piggyiocpserver.tlog\cl.read.1.tlog
f:\gamedoc\iocp\iocpserver_piggyxp\piggyiocpserver_2008\piggyiocpserver\debug\piggyiocpserver.tlog\cl.write.1.tlog
f:\gamedoc\iocp\iocpserver_piggyxp\piggyiocpserver_2008\piggyiocpserver\debug\piggyiocpserver.tlog\link.command.1.tlog
f:\gamedoc\iocp\iocpserver_piggyxp\piggyiocpserver_2008\piggyiocpserver\debug\piggyiocpserver.tlog\link.read.1.tlog
f:\gamedoc\iocp\iocpserver_piggyxp\piggyiocpserver_2008\piggyiocpserver\debug\piggyiocpserver.tlog\link.write.1.tlog
f:\gamedoc\iocp\iocpserver_piggyxp\piggyiocpserver_2008\piggyiocpserver\debug\piggyiocpserver.tlog\rc.command.1.tlog
f:\gamedoc\iocp\iocpserver_piggyxp\piggyiocpserver_2008\piggyiocpserver\debug\piggyiocpserver.tlog\rc.read.1.tlog
f:\gamedoc\iocp\iocpserver_piggyxp\piggyiocpserver_2008\piggyiocpserver\debug\piggyiocpserver.tlog\rc.write.1.tlog
